<?xml version="1.0" encoding="UTF-8"?>
<!-- Generated by org.testng.reporters.JUnitReportReporter -->
<testsuite hostname="DESKTOP-92RGEGD" failures="0" tests="4" name="tests.calTests" time="12.925" errors="0" timestamp="2022-04-30T13:03:23 IST" skipped="0">
  <testcase classname="tests.calTests" name="mulTest" time="4.037"/>
  <system-out/>
  <testcase classname="tests.calTests" name="divTest" time="2.914"/>
  <system-out/>
  <testcase classname="tests.calTests" name="subTest" time="2.956"/>
  <system-out/>
  <testcase classname="tests.calTests" name="addTest" time="3.018"/>
  <system-out/>
</testsuite> <!-- tests.calTests -->
